[01Dec2024 00:00:00.902] [Server thread/WARN] [net.minecraft.server.level.ServerLevel/]: Tried to add entity mofus_better_end_:mitespikerball but it was marked as removed already
[01Dec2024 00:00:57.552] [Server thread/WARN] [net.minecraft.server.level.ServerLevel/]: Tried to add entity mofus_better_end_:mitespikerball but it was marked as removed already
[01Dec2024 00:01:11.000] [Server thread/WARN] [net.minecraft.server.level.ServerLevel/]: Tried to add entity mofus_better_end_:mitespikerball but it was marked as removed already
[01Dec2024 00:01:44.551] [Server thread/WARN] [net.minecraft.server.level.ServerLevel/]: Tried to add entity mofus_better_end_:mitespikerball but it was marked as removed already
[01Dec2024 00:01:50.204] [Server thread/WARN] [net.minecraft.server.level.ServerLevel/]: Tried to add entity mofus_better_end_:mitespikerball but it was marked as removed already
[01Dec2024 00:01:55.817] [Server thread/INFO] [net.minecraft.world.entity.npc.Villager/]: Villager MinerVillagerEntity['Miner'/21850, l='ServerLevel[world]', x=-358.50, y=-32.00, z=-67.50] died, message: 'Miner suffocated in a wall'
[01Dec2024 00:01:56.651] [Server thread/WARN] [net.minecraft.server.level.ServerLevel/]: Tried to add entity mofus_better_end_:mitespikerball but it was marked as removed already
[01Dec2024 00:02:02.752] [Server thread/WARN] [net.minecraft.server.level.ServerLevel/]: Tried to add entity mofus_better_end_:mitespikerball but it was marked as removed already
[01Dec2024 00:02:13.400] [Server thread/WARN] [net.minecraft.server.level.ServerLevel/]: Tried to add entity mofus_better_end_:mitespikerball but it was marked as removed already
[01Dec2024 00:02:15.751] [Server thread/WARN] [net.minecraft.server.level.ServerLevel/]: Tried to add entity mofus_better_end_:mitespikerball but it was marked as removed already
[01Dec2024 00:02:27.352] [Server thread/WARN] [net.minecraft.server.level.ServerLevel/]: Tried to add entity mofus_better_end_:mitespikerball but it was marked as removed already
[01Dec2024 00:02:27.353] [Server thread/WARN] [net.minecraft.server.level.ServerLevel/]: Tried to add entity mofus_better_end_:mitespikerball but it was marked as removed already
[01Dec2024 00:02:27.353] [Server thread/WARN] [net.minecraft.server.level.ServerLevel/]: Tried to add entity mofus_better_end_:mitespikerball but it was marked as removed already
[01Dec2024 00:02:35.401] [Server thread/WARN] [net.minecraft.server.level.ServerLevel/]: Tried to add entity mofus_better_end_:mitespikerball but it was marked as removed already
[01Dec2024 00:02:35.401] [Server thread/WARN] [net.minecraft.server.level.ServerLevel/]: Tried to add entity mofus_better_end_:mitespikerball but it was marked as removed already
[01Dec2024 00:02:35.401] [Server thread/WARN] [net.minecraft.server.level.ServerLevel/]: Tried to add entity mofus_better_end_:mitespikerball but it was marked as removed already
[01Dec2024 00:02:35.402] [Server thread/WARN] [net.minecraft.server.level.ServerLevel/]: Tried to add entity mofus_better_end_:mitespikerball but it was marked as removed already
[01Dec2024 00:03:10.945] [Server thread/INFO] [net.minecraft.server.MinecraftServer/]: joaxco15 has completed the challenge [Learn to Fart]
[01Dec2024 00:03:53.751] [Server thread/WARN] [net.minecraft.server.level.ServerLevel/]: Tried to add entity mofus_better_end_:mitespikerball but it was marked as removed already
[01Dec2024 00:03:59.802] [Server thread/WARN] [net.minecraft.server.level.ServerLevel/]: Tried to add entity mofus_better_end_:mitespikerball but it was marked as removed already
[01Dec2024 00:04:11.072] [Server thread/INFO] [cuffed/]: joaxco15 is interacting!
[01Dec2024 00:04:22.817] [Server thread/INFO] [cuffed/]: joaxco15 is interacting!
[01Dec2024 00:04:33.047] [Server thread/INFO] [cuffed/]: joaxco15 is interacting!
[01Dec2024 00:04:33.407] [Server thread/INFO] [cuffed/]: joaxco15 is interacting!
[01Dec2024 00:04:37.602] [Server thread/WARN] [net.minecraft.server.level.ServerLevel/]: Tried to add entity mofus_better_end_:mitespikerball but it was marked as removed already
[01Dec2024 00:04:50.552] [Server thread/WARN] [net.minecraft.server.level.ServerLevel/]: Tried to add entity mofus_better_end_:mitespikerball but it was marked as removed already
[01Dec2024 00:04:50.553] [Server thread/WARN] [net.minecraft.server.level.ServerLevel/]: Tried to add entity mofus_better_end_:mitespikerball but it was marked as removed already
[01Dec2024 00:04:50.553] [Server thread/WARN] [net.minecraft.server.level.ServerLevel/]: Tried to add entity mofus_better_end_:mitespikerball but it was marked as removed already
[01Dec2024 00:05:20.701] [Server thread/WARN] [net.minecraft.server.level.ServerLevel/]: Tried to add entity mofus_better_end_:mitespikerball but it was marked as removed already
[01Dec2024 00:05:44.701] [Server thread/WARN] [net.minecraft.server.level.ServerLevel/]: Tried to add entity mofus_better_end_:mitespikerball but it was marked as removed already
[01Dec2024 00:05:53.652] [Server thread/WARN] [net.minecraft.server.level.ServerLevel/]: Tried to add entity mofus_better_end_:mitespikerball but it was marked as removed already
[01Dec2024 00:06:21.011] [Server thread/INFO] [net.minecraft.server.players.PlayerList/]: palipax[/127.3.110.78:57733] logged in with entity id 23074 at (544.6999999880791, 97.0, 1114.300000011921)
[01Dec2024 00:06:21.031] [Server thread/INFO] [net.minecraft.server.MinecraftServer/]: palipax joined the game
[01Dec2024 00:06:21.047] [Server thread/INFO] [Jade/]: Syncing config to palipax (2b6e52f2-a408-3c8b-b4d8-75b7c70f8b12)
[01Dec2024 00:06:21.049] [Server thread/INFO] [Enigmatic Legacy/INFO]: Synchronizing omniconfig files to palipax...
[01Dec2024 00:06:21.050] [Server thread/INFO] [Enigmatic Legacy/INFO]: Sending data for enigmaticlegacy-common.omniconf
[01Dec2024 00:06:21.051] [Server thread/INFO] [Enigmatic Legacy/INFO]: Granting starter gear to palipax
[01Dec2024 00:06:21.453] [Server thread/INFO] [voicechat/]: [voicechat] Received secret request of palipax (18)
[01Dec2024 00:06:21.455] [Server thread/INFO] [voicechat/]: [voicechat] Sent secret to palipax
[01Dec2024 00:06:22.876] [Server thread/WARN] [net.minecraft.server.level.ServerLevel/]: Tried to add entity mofus_better_end_:mitespikerball but it was marked as removed already
[01Dec2024 00:06:22.876] [Server thread/WARN] [net.minecraft.server.level.ServerLevel/]: Tried to add entity mofus_better_end_:mitespikerball but it was marked as removed already
[01Dec2024 00:06:22.877] [Server thread/WARN] [net.minecraft.server.level.ServerLevel/]: Tried to add entity mofus_better_end_:mitespikerball but it was marked as removed already
[01Dec2024 00:06:22.877] [Server thread/WARN] [net.minecraft.server.level.ServerLevel/]: Tried to add entity mofus_better_end_:mitespikerball but it was marked as removed already
[01Dec2024 00:06:25.334] [Server thread/WARN] [net.minecraft.server.level.ServerLevel/]: Tried to add entity mofus_better_end_:mitespikerball but it was marked as removed already
[01Dec2024 00:06:25.334] [Server thread/WARN] [net.minecraft.server.level.ServerLevel/]: Tried to add entity mofus_better_end_:mitespikerball but it was marked as removed already
[01Dec2024 00:06:31.902] [Server thread/WARN] [net.minecraft.server.level.ServerLevel/]: Tried to add entity mofus_better_end_:mitespikerball but it was marked as removed already
[01Dec2024 00:06:35.203] [Server thread/WARN] [net.minecraft.server.level.ServerLevel/]: Tried to add entity mofus_better_end_:mitespikerball but it was marked as removed already
[01Dec2024 00:06:35.253] [Server thread/WARN] [net.minecraft.server.level.ServerLevel/]: Tried to add entity mofus_better_end_:mitespikerball but it was marked as removed already
[01Dec2024 00:06:35.254] [Server thread/WARN] [net.minecraft.server.level.ServerLevel/]: Tried to add entity mofus_better_end_:mitespikerball but it was marked as removed already
[01Dec2024 00:06:40.540] [Server thread/WARN] [net.minecraft.server.level.ServerLevel/]: Tried to add entity mofus_better_end_:mitespikerball but it was marked as removed already
[01Dec2024 00:06:44.801] [Server thread/WARN] [net.minecraft.server.level.ServerLevel/]: Tried to add entity mofus_better_end_:mitespikerball but it was marked as removed already
[01Dec2024 00:06:47.732] [Server thread/WARN] [net.minecraft.server.level.ServerLevel/]: Tried to add entity mofus_better_end_:mitespikerball but it was marked as removed already
[01Dec2024 00:06:57.530] [Server thread/WARN] [net.minecraft.server.level.ServerLevel/]: Tried to add entity mofus_better_end_:mitespikerball but it was marked as removed already
[01Dec2024 00:06:59.275] [Server thread/WARN] [net.minecraft.server.level.ServerLevel/]: Tried to add entity mofus_better_end_:mitespikerball but it was marked as removed already
[01Dec2024 00:06:59.277] [Server thread/WARN] [net.minecraft.server.level.ServerLevel/]: Tried to add entity mofus_better_end_:mitespikerball but it was marked as removed already
[01Dec2024 00:06:59.277] [Server thread/WARN] [net.minecraft.server.level.ServerLevel/]: Tried to add entity mofus_better_end_:mitespikerball but it was marked as removed already
[01Dec2024 00:06:59.278] [Server thread/WARN] [net.minecraft.server.level.ServerLevel/]: Tried to add entity mofus_better_end_:mitespikerball but it was marked as removed already
[01Dec2024 00:06:59.327] [Server thread/WARN] [net.minecraft.server.level.ServerLevel/]: Tried to add entity mofus_better_end_:mitespikerball but it was marked as removed already
[01Dec2024 00:06:59.328] [Server thread/WARN] [net.minecraft.server.level.ServerLevel/]: Tried to add entity mofus_better_end_:mitespikerball but it was marked as removed already
[01Dec2024 00:07:01.556] [Server thread/WARN] [net.minecraft.server.level.ServerLevel/]: Tried to add entity mofus_better_end_:mitespikerball but it was marked as removed already
[01Dec2024 00:07:02.697] [Worker-Main-18/WARN] [lithostitched/]: Non-existent template pool reference: vampirism:hunter_outpost/ten
[01Dec2024 00:07:07.009] [Server thread/WARN] [net.minecraft.server.network.ServerGamePacketListenerImpl/]: joaxco15 moved too quickly! 9.501633063701718,3.0013359791121417,2.10384154621363
[01Dec2024 00:07:07.011] [Server thread/WARN] [net.minecraft.server.network.ServerGamePacketListenerImpl/]: palipax moved too quickly! -8.287368435989094,-2.249187078744683,-5.383427206664464
[01Dec2024 00:07:07.018] [Server thread/WARN] [net.minecraft.server.MinecraftServer/]: Can't keep up! Is the server overloaded? Running 3519ms or 70 ticks behind
[01Dec2024 00:07:18.554] [Server thread/WARN] [net.minecraft.server.level.ServerLevel/]: Tried to add entity mofus_better_end_:mitespikerball but it was marked as removed already
[01Dec2024 00:07:21.190] [Server thread/INFO] [net.minecraft.server.MinecraftServer/]: palipax was slain by The Moonflower
[01Dec2024 00:07:24.476] [Server thread/WARN] [net.minecraft.server.level.ServerLevel/]: Tried to add entity mofus_better_end_:mitespikerball but it was marked as removed already
[01Dec2024 00:07:25.668] [Server thread/WARN] [net.minecraft.server.level.ServerLevel/]: Tried to add entity mofus_better_end_:mitespikerball but it was marked as removed already
[01Dec2024 00:07:26.220] [Server thread/WARN] [net.minecraft.server.level.ServerLevel/]: Tried to add entity mofus_better_end_:mitespikerball but it was marked as removed already
[01Dec2024 00:07:28.266] [Server thread/WARN] [net.minecraft.server.level.ServerLevel/]: Tried to add entity mofus_better_end_:mitespikerball but it was marked as removed already
[01Dec2024 00:07:35.851] [Server thread/WARN] [net.minecraft.server.level.ServerLevel/]: Tried to add entity mofus_better_end_:mitespikerball but it was marked as removed already
[01Dec2024 00:07:46.153] [Server thread/WARN] [net.minecraft.server.level.ServerLevel/]: Tried to add entity mofus_better_end_:mitespikerball but it was marked as removed already
[01Dec2024 00:07:51.752] [Server thread/WARN] [net.minecraft.server.level.ServerLevel/]: Tried to add entity mofus_better_end_:mitespikerball but it was marked as removed already
[01Dec2024 00:07:51.753] [Server thread/WARN] [net.minecraft.server.level.ServerLevel/]: Tried to add entity mofus_better_end_:mitespikerball but it was marked as removed already
[01Dec2024 00:08:06.600] [Server thread/WARN] [net.minecraft.server.level.ServerLevel/]: Tried to add entity mofus_better_end_:mitespikerball but it was marked as removed already
[01Dec2024 00:08:08.001] [Server thread/WARN] [net.minecraft.server.level.ServerLevel/]: Tried to add entity mofus_better_end_:mitespikerball but it was marked as removed already
[01Dec2024 00:08:13.250] [Server thread/WARN] [net.minecraft.server.level.ServerLevel/]: Tried to add entity mofus_better_end_:mitespikerball but it was marked as removed already
[01Dec2024 00:08:14.051] [Server thread/WARN] [net.minecraft.server.level.ServerLevel/]: Tried to add entity mofus_better_end_:mitespikerball but it was marked as removed already
[01Dec2024 00:08:20.706] [Server thread/INFO] [net.minecraft.server.MinecraftServer/]: [Not Secure] <joaxco15> ZZ
[01Dec2024 00:08:32.687] [Server thread/INFO] [net.minecraft.server.MinecraftServer/]: joaxco15 was forgotten.
[01Dec2024 00:08:32.690] [Server thread/INFO] [Enigmatic Legacy/INFO]: Summoned Extradimensional Storage Crystal for joaxco15 at X: -478.30000001192093, Y: 72.16610926093821, Z: -303.3010297655503
[01Dec2024 00:08:34.827] [Server thread/WARN] [net.minecraft.server.level.ServerLevel/]: Tried to add entity mofus_better_end_:mitespikerball but it was marked as removed already
[01Dec2024 00:08:34.871] [Server thread/WARN] [net.minecraft.server.level.ServerLevel/]: Tried to add entity mofus_better_end_:mitespikerball but it was marked as removed already
[01Dec2024 00:08:36.645] [Server thread/INFO] [Enigmatic Legacy/INFO]: Player joaxco15 picking up: PermanentItemEntity['Extradimensional Vessel'/25029, l='ServerLevel[world]', x=-478.30, y=73.67, z=-303.30]
[01Dec2024 00:08:36.646] [Server thread/WARN] [Enigmatic Legacy/WARNING]: [WARN] Removing Permanent Item Entity: PermanentItemEntity['Extradimensional Vessel'/25029, l='ServerLevel[world]', x=-478.30, y=73.67, z=-303.30]
[01Dec2024 00:08:46.100] [Server thread/WARN] [net.minecraft.server.level.ServerLevel/]: Tried to add entity mofus_better_end_:mitespikerball but it was marked as removed already
[01Dec2024 00:08:46.101] [Server thread/WARN] [net.minecraft.server.level.ServerLevel/]: Tried to add entity mofus_better_end_:mitespikerball but it was marked as removed already
[01Dec2024 00:08:59.791] [Server thread/INFO] [net.minecraft.server.MinecraftServer/]: joaxco15 has made the advancement [Not Afraid of the Dark]
[01Dec2024 00:09:00.249] [Server thread/INFO] [cuffed/]: joaxco15 is interacting!
[01Dec2024 00:09:06.202] [Server thread/WARN] [net.minecraft.server.level.ServerLevel/]: Tried to add entity mofus_better_end_:mitespikerball but it was marked as removed already
[01Dec2024 00:09:06.203] [Server thread/WARN] [net.minecraft.server.level.ServerLevel/]: Tried to add entity mofus_better_end_:mitespikerball but it was marked as removed already
[01Dec2024 00:09:06.203] [Server thread/WARN] [net.minecraft.server.level.ServerLevel/]: Tried to add entity mofus_better_end_:mitespikerball but it was marked as removed already
[01Dec2024 00:09:06.203] [Server thread/WARN] [net.minecraft.server.level.ServerLevel/]: Tried to add entity mofus_better_end_:mitespikerball but it was marked as removed already
[01Dec2024 00:09:23.209] [Server thread/INFO] [net.minecraft.server.MinecraftServer/]: palipax has reached the goal [Cosmic Discoverer]
[01Dec2024 00:09:25.793] [Server thread/INFO] [net.minecraft.server.MinecraftServer/]: [joaxco15: Made palipax a server operator]
[01Dec2024 00:09:26.759] [Server thread/WARN] [net.minecraft.server.level.ServerLevel/]: Tried to add entity mofus_better_end_:mitespikerball but it was marked as removed already
[01Dec2024 00:09:26.759] [Server thread/WARN] [net.minecraft.server.level.ServerLevel/]: Tried to add entity mofus_better_end_:mitespikerball but it was marked as removed already
[01Dec2024 00:09:28.354] [Worker-Main-19/ERROR] [net.minecraft.world.entity.decoration.HangingEntity/]: Hanging entity at invalid position: BlockPos{x=-38, y=-58, z=9}
[01Dec2024 00:09:28.355] [Worker-Main-19/ERROR] [net.minecraft.world.entity.decoration.HangingEntity/]: Hanging entity at invalid position: BlockPos{x=-40, y=-58, z=9}
[01Dec2024 00:09:28.356] [Worker-Main-19/ERROR] [net.minecraft.world.entity.decoration.HangingEntity/]: Hanging entity at invalid position: BlockPos{x=-36, y=-58, z=0}
[01Dec2024 00:09:28.356] [Worker-Main-19/ERROR] [net.minecraft.world.entity.decoration.HangingEntity/]: Hanging entity at invalid position: BlockPos{x=-42, y=-58, z=0}
[01Dec2024 00:09:28.357] [Worker-Main-19/ERROR] [net.minecraft.world.entity.decoration.HangingEntity/]: Hanging entity at invalid position: BlockPos{x=-36, y=-58, z=4}
[01Dec2024 00:09:28.357] [Worker-Main-19/ERROR] [net.minecraft.world.entity.decoration.HangingEntity/]: Hanging entity at invalid position: BlockPos{x=-42, y=-58, z=4}
[01Dec2024 00:09:33.305] [Server thread/WARN] [net.minecraft.server.level.ServerLevel/]: Tried to add entity mofus_better_end_:mitespikerball but it was marked as removed already
[01Dec2024 00:09:51.952] [Server thread/WARN] [net.minecraft.server.level.ServerLevel/]: Tried to add entity mofus_better_end_:mitespikerball but it was marked as removed already
[01Dec2024 00:10:06.952] [Server thread/WARN] [net.minecraft.server.level.ServerLevel/]: Tried to add entity mofus_better_end_:mitespikerball but it was marked as removed already
[01Dec2024 00:10:13.813] [Server thread/INFO] [net.minecraft.server.MinecraftServer/]: [palipax: Teleported palipax to 440.500000, 97.000000, 1069.500000]
[01Dec2024 00:10:15.609] [Server thread/WARN] [net.minecraft.server.level.ServerLevel/]: Tried to add entity mofus_better_end_:mitespikerball but it was marked as removed already
[01Dec2024 00:10:15.610] [Server thread/WARN] [net.minecraft.server.level.ServerLevel/]: Tried to add entity mofus_better_end_:mitespikerball but it was marked as removed already
[01Dec2024 00:10:15.610] [Server thread/WARN] [net.minecraft.server.level.ServerLevel/]: Tried to add entity mofus_better_end_:mitespikerball but it was marked as removed already
[01Dec2024 00:10:17.784] [Server thread/INFO] [cuffed/]: palipax is interacting!
[01Dec2024 00:10:20.053] [Server thread/WARN] [net.minecraft.server.level.ServerLevel/]: Tried to add entity mofus_better_end_:mitespikerball but it was marked as removed already
[01Dec2024 00:10:20.054] [Server thread/WARN] [net.minecraft.server.level.ServerLevel/]: Tried to add entity mofus_better_end_:mitespikerball but it was marked as removed already
[01Dec2024 00:10:22.289] [Server thread/INFO] [cuffed/]: palipax is interacting!
[01Dec2024 00:10:23.793] [Server thread/INFO] [net.minecraft.server.MinecraftServer/]: [joaxco15: Made palipax no longer a server operator]
[01Dec2024 00:10:31.501] [Server thread/WARN] [net.minecraft.server.level.ServerLevel/]: Tried to add entity mofus_better_end_:mitespikerball but it was marked as removed already
[01Dec2024 00:10:31.502] [Server thread/WARN] [net.minecraft.server.level.ServerLevel/]: Tried to add entity mofus_better_end_:mitespikerball but it was marked as removed already
[01Dec2024 00:10:37.169] [Server thread/WARN] [net.minecraft.server.level.ServerLevel/]: Tried to add entity mofus_better_end_:mitespikerball but it was marked as removed already
[01Dec2024 00:10:37.170] [Server thread/WARN] [net.minecraft.server.level.ServerLevel/]: Tried to add entity mofus_better_end_:mitespikerball but it was marked as removed already
[01Dec2024 00:10:39.264] [Server thread/WARN] [net.minecraft.server.level.ServerLevel/]: Tried to add entity mofus_better_end_:mitespikerball but it was marked as removed already
[01Dec2024 00:10:39.265] [Server thread/WARN] [net.minecraft.server.level.ServerLevel/]: Tried to add entity mofus_better_end_:mitespikerball but it was marked as removed already
[01Dec2024 00:10:39.265] [Server thread/WARN] [net.minecraft.server.level.ServerLevel/]: Tried to add entity mofus_better_end_:mitespikerball but it was marked as removed already
[01Dec2024 00:10:40.546] [Server thread/WARN] [net.minecraft.server.level.ServerLevel/]: Tried to add entity mofus_better_end_:mitespikerball but it was marked as removed already
[01Dec2024 00:10:43.154] [Server thread/WARN] [net.minecraft.server.level.ServerLevel/]: Tried to add entity mofus_better_end_:mitespikerball but it was marked as removed already
[01Dec2024 00:10:53.831] [Worker-Main-19/ERROR] [net.minecraft.world.entity.decoration.HangingEntity/]: Hanging entity at invalid position: BlockPos{x=15, y=-57, z=7}
[01Dec2024 00:10:53.832] [Worker-Main-19/ERROR] [net.minecraft.world.entity.decoration.HangingEntity/]: Hanging entity at invalid position: BlockPos{x=23, y=-37, z=8}
[01Dec2024 00:10:58.765] [Server thread/WARN] [net.minecraft.server.level.ServerLevel/]: Tried to add entity mofus_better_end_:mitespikerball but it was marked as removed already
[01Dec2024 00:10:59.277] [Server thread/WARN] [net.minecraft.server.level.ServerLevel/]: Tried to add entity mofus_better_end_:mitespikerball but it was marked as removed already
[01Dec2024 00:10:59.277] [Server thread/WARN] [net.minecraft.server.level.ServerLevel/]: Tried to add entity mofus_better_end_:mitespikerball but it was marked as removed already
[01Dec2024 00:10:59.277] [Server thread/WARN] [net.minecraft.server.level.ServerLevel/]: Tried to add entity mofus_better_end_:mitespikerball but it was marked as removed already
[01Dec2024 00:11:04.879] [Worker-Main-19/ERROR] [net.minecraft.world.entity.decoration.HangingEntity/]: Hanging entity at invalid position: BlockPos{x=-104, y=63, z=43}
[01Dec2024 00:11:08.234] [Server thread/WARN] [net.minecraft.server.level.ServerLevel/]: Tried to add entity mofus_better_end_:mitespikerball but it was marked as removed already
[01Dec2024 00:11:22.406] [Server thread/WARN] [net.minecraft.server.level.ServerLevel/]: Tried to add entity mofus_better_end_:mitespikerball but it was marked as removed already
[01Dec2024 00:11:26.798] [Worker-Main-19/ERROR] [net.minecraft.world.entity.decoration.HangingEntity/]: Hanging entity at invalid position: BlockPos{x=-38, y=-58, z=9}
[01Dec2024 00:11:26.800] [Worker-Main-19/ERROR] [net.minecraft.world.entity.decoration.HangingEntity/]: Hanging entity at invalid position: BlockPos{x=-40, y=-58, z=9}
[01Dec2024 00:11:26.800] [Worker-Main-19/ERROR] [net.minecraft.world.entity.decoration.HangingEntity/]: Hanging entity at invalid position: BlockPos{x=-36, y=-58, z=0}
[01Dec2024 00:11:26.801] [Worker-Main-19/ERROR] [net.minecraft.world.entity.decoration.HangingEntity/]: Hanging entity at invalid position: BlockPos{x=-42, y=-58, z=0}
[01Dec2024 00:11:26.802] [Worker-Main-19/ERROR] [net.minecraft.world.entity.decoration.HangingEntity/]: Hanging entity at invalid position: BlockPos{x=-36, y=-58, z=4}
[01Dec2024 00:11:26.802] [Worker-Main-19/ERROR] [net.minecraft.world.entity.decoration.HangingEntity/]: Hanging entity at invalid position: BlockPos{x=-42, y=-58, z=4}
[01Dec2024 00:11:29.192] [Server thread/WARN] [net.minecraft.server.network.ServerGamePacketListenerImpl/]: palipax moved too quickly! -0.6205853411555893,-1.2531999805212024,10.085616551061548
[01Dec2024 00:11:29.194] [Server thread/WARN] [net.minecraft.server.network.ServerGamePacketListenerImpl/]: joaxco15 moved too quickly! -10.073406440582175,0.0,-1.3438420213527706
[01Dec2024 00:11:29.202] [Server thread/WARN] [net.minecraft.server.MinecraftServer/]: Can't keep up! Is the server overloaded? Running 6153ms or 123 ticks behind
[01Dec2024 00:11:29.685] [Worker-Main-19/ERROR] [net.minecraft.world.entity.decoration.HangingEntity/]: Hanging entity at invalid position: BlockPos{x=-51, y=-58, z=8}
[01Dec2024 00:11:29.686] [Worker-Main-19/ERROR] [net.minecraft.world.entity.decoration.HangingEntity/]: Hanging entity at invalid position: BlockPos{x=-53, y=-58, z=8}
[01Dec2024 00:11:29.686] [Worker-Main-19/ERROR] [net.minecraft.world.entity.decoration.HangingEntity/]: Hanging entity at invalid position: BlockPos{x=-49, y=-58, z=3}
[01Dec2024 00:11:29.686] [Worker-Main-19/ERROR] [net.minecraft.world.entity.decoration.HangingEntity/]: Hanging entity at invalid position: BlockPos{x=-55, y=-58, z=3}
[01Dec2024 00:11:29.686] [Worker-Main-19/ERROR] [net.minecraft.world.entity.decoration.HangingEntity/]: Hanging entity at invalid position: BlockPos{x=-49, y=-58, z=-1}
[01Dec2024 00:11:29.687] [Worker-Main-19/ERROR] [net.minecraft.world.entity.decoration.HangingEntity/]: Hanging entity at invalid position: BlockPos{x=-55, y=-58, z=-1}
[01Dec2024 00:11:35.461] [Worker-Main-19/ERROR] [net.minecraft.world.entity.decoration.HangingEntity/]: Hanging entity at invalid position: BlockPos{x=-68, y=-58, z=9}
[01Dec2024 00:11:35.462] [Worker-Main-19/ERROR] [net.minecraft.world.entity.decoration.HangingEntity/]: Hanging entity at invalid position: BlockPos{x=-70, y=-58, z=9}
[01Dec2024 00:11:35.462] [Worker-Main-19/ERROR] [net.minecraft.world.entity.decoration.HangingEntity/]: Hanging entity at invalid position: BlockPos{x=-66, y=-58, z=0}
[01Dec2024 00:11:35.462] [Worker-Main-19/ERROR] [net.minecraft.world.entity.decoration.HangingEntity/]: Hanging entity at invalid position: BlockPos{x=-66, y=-58, z=4}
[01Dec2024 00:11:49.909] [Worker-Main-20/ERROR] [net.minecraft.world.entity.decoration.HangingEntity/]: Hanging entity at invalid position: BlockPos{x=-23, y=-58, z=9}
[01Dec2024 00:11:49.910] [Worker-Main-20/ERROR] [net.minecraft.world.entity.decoration.HangingEntity/]: Hanging entity at invalid position: BlockPos{x=-25, y=-58, z=9}
[01Dec2024 00:11:49.910] [Worker-Main-20/ERROR] [net.minecraft.world.entity.decoration.HangingEntity/]: Hanging entity at invalid position: BlockPos{x=-21, y=-58, z=0}
[01Dec2024 00:11:49.910] [Worker-Main-20/ERROR] [net.minecraft.world.entity.decoration.HangingEntity/]: Hanging entity at invalid position: BlockPos{x=-27, y=-58, z=0}
[01Dec2024 00:11:49.910] [Worker-Main-20/ERROR] [net.minecraft.world.entity.decoration.HangingEntity/]: Hanging entity at invalid position: BlockPos{x=-21, y=-58, z=4}
[01Dec2024 00:11:49.910] [Worker-Main-20/ERROR] [net.minecraft.world.entity.decoration.HangingEntity/]: Hanging entity at invalid position: BlockPos{x=-27, y=-58, z=4}
[01Dec2024 00:11:55.146] [Server thread/WARN] [net.minecraft.server.level.ServerLevel/]: Tried to add entity mofus_better_end_:mitespikerball but it was marked as removed already
[01Dec2024 00:12:01.205] [Server thread/WARN] [net.minecraft.server.level.ServerLevel/]: Tried to add entity mofus_better_end_:mitespikerball but it was marked as removed already
[01Dec2024 00:12:01.206] [Server thread/WARN] [net.minecraft.server.level.ServerLevel/]: Tried to add entity mofus_better_end_:mitespikerball but it was marked as removed already
[01Dec2024 00:12:01.207] [Server thread/WARN] [net.minecraft.server.level.ServerLevel/]: Tried to add entity mofus_better_end_:mitespikerball but it was marked as removed already
[01Dec2024 00:12:07.589] [Server thread/WARN] [net.minecraft.server.level.ServerLevel/]: Tried to add entity mofus_better_end_:mitespikerball but it was marked as removed already
[01Dec2024 00:12:14.849] [Server thread/WARN] [net.minecraft.server.MinecraftServer/]: Can't keep up! Is the server overloaded? Running 2050ms or 41 ticks behind
[01Dec2024 00:12:17.623] [Server thread/WARN] [net.minecraft.server.level.ServerLevel/]: Tried to add entity mofus_better_end_:mitespikerball but it was marked as removed already
[01Dec2024 00:12:31.811] [Server thread/WARN] [net.minecraft.server.level.ServerLevel/]: Tried to add entity mofus_better_end_:mitespikerball but it was marked as removed already
[01Dec2024 00:12:31.812] [Server thread/WARN] [net.minecraft.server.level.ServerLevel/]: Tried to add entity mofus_better_end_:mitespikerball but it was marked as removed already
[01Dec2024 00:12:33.242] [Server thread/WARN] [net.minecraft.server.MinecraftServer/]: Can't keep up! Is the server overloaded? Running 3393ms or 67 ticks behind
[01Dec2024 00:12:44.393] [Server thread/WARN] [net.minecraft.server.network.ServerGamePacketListenerImpl/]: palipax moved too quickly! -9.849252281419254,0.2247629905309907,3.24128611327842
[01Dec2024 00:12:44.996] [Server thread/WARN] [net.minecraft.server.level.ServerLevel/]: Tried to add entity mofus_better_end_:mitespikerball but it was marked as removed already
[01Dec2024 00:12:50.623] [Server thread/INFO] [net.minecraft.server.MinecraftServer/]: palipax has made the advancement [Ice Maze]
[01Dec2024 00:12:52.220] [Server thread/WARN] [net.minecraft.server.level.ServerLevel/]: Tried to add entity mofus_better_end_:mitespikerball but it was marked as removed already
[01Dec2024 00:12:59.972] [Server thread/WARN] [net.minecraft.server.MinecraftServer/]: Can't keep up! Is the server overloaded? Running 11773ms or 235 ticks behind
[01Dec2024 00:13:06.742] [Server thread/INFO] [Tide/]: Marked id 896 as unread
[01Dec2024 00:13:21.194] [Server thread/WARN] [net.minecraft.server.MinecraftServer/]: Can't keep up! Is the server overloaded? Running 6245ms or 124 ticks behind
[01Dec2024 00:13:41.401] [Server thread/WARN] [net.minecraft.server.level.ServerLevel/]: Tried to add entity mofus_better_end_:mitespikerball but it was marked as removed already
